<?xml version="1.0" encoding="UTF-8"?>
<robot generator="Robot 3.1.1 (Python 3.7.3 on win32)" generated="20190523 21:16:14.318" rpa="false">
<suite id="s1" name="Login" source="C:\Users\zongliang.li\Desktop\workspace\interview\interview\login.robot">
<kw name="Create Random Account" type="setup">
<kw name="Evaluate" library="BuiltIn">
<doc>Evaluates the given expression in Python and returns the results.</doc>
<arguments>
<arg>str(int(time.time() * 1000))</arg>
<arg>modules=time</arg>
</arguments>
<assign>
<var>${uid}</var>
</assign>
<msg timestamp="20190523 21:16:15.287" level="INFO">${uid} = 1558617375287</msg>
<status status="PASS" starttime="20190523 21:16:15.286" endtime="20190523 21:16:15.287"></status>
</kw>
<kw name="Set Suite Variable" library="BuiltIn">
<doc>Makes a variable available everywhere within the scope of the current suite.</doc>
<arguments>
<arg>${test_email}</arg>
<arg>${register}+${uid}@gmail.com</arg>
</arguments>
<msg timestamp="20190523 21:16:15.290" level="INFO">${test_email} = web_register+1558617375287@gmail.com</msg>
<status status="PASS" starttime="20190523 21:16:15.287" endtime="20190523 21:16:15.290"></status>
</kw>
<kw name="Set Suite Variable" library="BuiltIn">
<doc>Makes a variable available everywhere within the scope of the current suite.</doc>
<arguments>
<arg>${test_password}</arg>
</arguments>
<msg timestamp="20190523 21:16:15.290" level="INFO">${test_password} = Test123</msg>
<status status="PASS" starttime="20190523 21:16:15.290" endtime="20190523 21:16:15.290"></status>
</kw>
<status status="PASS" starttime="20190523 21:16:15.285" endtime="20190523 21:16:15.291"></status>
</kw>
<test id="s1-t1" name="Registering new customer">
<kw name="Initiate" type="setup">
<kw name="Create Dictionary" library="BuiltIn">
<doc>Creates and returns a dictionary based on the given ``items``.</doc>
<arguments>
<arg>pageLoadingStrategy=eager</arg>
</arguments>
<assign>
<var>${desired_capabilities}</var>
</assign>
<msg timestamp="20190523 21:16:15.293" level="INFO">${desired_capabilities} = {'pageLoadingStrategy': 'eager'}</msg>
<status status="PASS" starttime="20190523 21:16:15.292" endtime="20190523 21:16:15.293"></status>
</kw>
<kw name="Open Browser" library="Selenium2Library">
<doc>Opens a new browser instance to the given ``url``.</doc>
<arguments>
<arg>${url}</arg>
<arg>${browser}</arg>
<arg>desired_capabilities=${desired_capabilities}</arg>
</arguments>
<msg timestamp="20190523 21:16:15.294" level="INFO">Opening browser 'Chrome' to base url 'https://www.check24.de/'.</msg>
<status status="PASS" starttime="20190523 21:16:15.293" endtime="20190523 21:16:34.989"></status>
</kw>
<kw name="Maximize Browser Window" library="Selenium2Library">
<doc>Maximizes current browser window.</doc>
<status status="PASS" starttime="20190523 21:16:34.989" endtime="20190523 21:16:36.119"></status>
</kw>
<status status="PASS" starttime="20190523 21:16:15.292" endtime="20190523 21:16:36.119"></status>
</kw>
<kw name="Go To Register Page">
<kw name="Wait And Click Xpath Element">
<arguments>
<arg>${user_info_menu}</arg>
</arguments>
<kw name="Wait Until Element Is Visible" library="Selenium2Library">
<doc>Waits until element ``locator`` is visible.</doc>
<arguments>
<arg>xpath=${element}</arg>
</arguments>
<status status="PASS" starttime="20190523 21:16:36.123" endtime="20190523 21:16:36.696"></status>
</kw>
<kw name="Click Element" library="Selenium2Library">
<doc>Click element identified by ``locator``.</doc>
<arguments>
<arg>xpath=${element}</arg>
</arguments>
<msg timestamp="20190523 21:16:36.697" level="INFO">Clicking element 'xpath=//*[contains(text(), "Mein Konto")]'.</msg>
<status status="PASS" starttime="20190523 21:16:36.696" endtime="20190523 21:16:36.809"></status>
</kw>
<status status="PASS" starttime="20190523 21:16:36.122" endtime="20190523 21:16:36.809"></status>
</kw>
<kw name="Wait And Click Xpath Element">
<arguments>
<arg>${register_page_link}</arg>
</arguments>
<kw name="Wait Until Element Is Visible" library="Selenium2Library">
<doc>Waits until element ``locator`` is visible.</doc>
<arguments>
<arg>xpath=${element}</arg>
</arguments>
<status status="PASS" starttime="20190523 21:16:36.810" endtime="20190523 21:16:37.115"></status>
</kw>
<kw name="Click Element" library="Selenium2Library">
<doc>Click element identified by ``locator``.</doc>
<arguments>
<arg>xpath=${element}</arg>
</arguments>
<msg timestamp="20190523 21:16:37.117" level="INFO">Clicking element 'xpath=//*[contains(text(), "Starten Sie hier")]'.</msg>
<status status="PASS" starttime="20190523 21:16:37.116" endtime="20190523 21:16:40.779"></status>
</kw>
<status status="PASS" starttime="20190523 21:16:36.809" endtime="20190523 21:16:40.779"></status>
</kw>
<kw name="Wait Until Element Is Visible" library="Selenium2Library">
<doc>Waits until element ``locator`` is visible.</doc>
<arguments>
<arg>${username_xpath}</arg>
</arguments>
<status status="PASS" starttime="20190523 21:16:40.780" endtime="20190523 21:16:40.844"></status>
</kw>
<status status="PASS" starttime="20190523 21:16:36.121" endtime="20190523 21:16:40.845"></status>
</kw>
<kw name="Register A New Account">
<arguments>
<arg>${test_email}</arg>
<arg>${test_password}</arg>
</arguments>
<kw name="Click Element" library="Selenium2Library">
<doc>Click element identified by ``locator``.</doc>
<arguments>
<arg>${username_xpath}</arg>
</arguments>
<msg timestamp="20190523 21:16:40.847" level="INFO">Clicking element '//*[@id="email"]'.</msg>
<status status="PASS" starttime="20190523 21:16:40.847" endtime="20190523 21:16:41.014"></status>
</kw>
<kw name="Input Text" library="Selenium2Library">
<doc>Types the given ``text`` into text field identified by ``locator``.</doc>
<arguments>
<arg>${username_xpath}</arg>
<arg>${USER_NAME}</arg>
</arguments>
<msg timestamp="20190523 21:16:41.016" level="INFO">Typing text 'web_register+1558617375287@gmail.com' into text field '//*[@id="email"]'.</msg>
<status status="PASS" starttime="20190523 21:16:41.014" endtime="20190523 21:16:41.501"></status>
</kw>
<kw name="Click Element" library="Selenium2Library">
<doc>Click element identified by ``locator``.</doc>
<arguments>
<arg>${password_xpath}</arg>
</arguments>
<msg timestamp="20190523 21:16:41.502" level="INFO">Clicking element '//*[@id="password"]'.</msg>
<status status="PASS" starttime="20190523 21:16:41.502" endtime="20190523 21:16:41.813"></status>
</kw>
<kw name="Input Text" library="Selenium2Library">
<doc>Types the given ``text`` into text field identified by ``locator``.</doc>
<arguments>
<arg>${password_xpath}</arg>
<arg>${PASSWORD}</arg>
</arguments>
<msg timestamp="20190523 21:16:41.814" level="INFO">Typing text 'Test123' into text field '//*[@id="password"]'.</msg>
<status status="PASS" starttime="20190523 21:16:41.813" endtime="20190523 21:16:42.010"></status>
</kw>
<kw name="Click Element" library="Selenium2Library">
<doc>Click element identified by ``locator``.</doc>
<arguments>
<arg>${password_confirm_xpath}</arg>
</arguments>
<msg timestamp="20190523 21:16:42.011" level="INFO">Clicking element '//*[@id="passwordrepetition"]'.</msg>
<status status="PASS" starttime="20190523 21:16:42.010" endtime="20190523 21:16:42.084"></status>
</kw>
<kw name="Input Text" library="Selenium2Library">
<doc>Types the given ``text`` into text field identified by ``locator``.</doc>
<arguments>
<arg>${password_confirm_xpath}</arg>
<arg>${PASSWORD}</arg>
</arguments>
<msg timestamp="20190523 21:16:42.084" level="INFO">Typing text 'Test123' into text field '//*[@id="passwordrepetition"]'.</msg>
<status status="PASS" starttime="20190523 21:16:42.084" endtime="20190523 21:16:42.245"></status>
</kw>
<kw name="Click Element" library="Selenium2Library">
<doc>Click element identified by ``locator``.</doc>
<arguments>
<arg>${register_button}</arg>
</arguments>
<msg timestamp="20190523 21:16:42.247" level="INFO">Clicking element '//button[@name="register"]'.</msg>
<status status="PASS" starttime="20190523 21:16:42.245" endtime="20190523 21:16:42.373"></status>
</kw>
<kw name="Run Keyword And Ignore Error" library="BuiltIn">
<doc>Runs the given keyword with the given arguments and ignores possible error.</doc>
<arguments>
<arg>Wait And Click Xpath Element</arg>
<arg>${ads_pop_up_cancel_button}</arg>
</arguments>
<kw name="Wait And Click Xpath Element">
<arguments>
<arg>${ads_pop_up_cancel_button}</arg>
</arguments>
<kw name="Wait Until Element Is Visible" library="Selenium2Library">
<doc>Waits until element ``locator`` is visible.</doc>
<arguments>
<arg>xpath=${element}</arg>
</arguments>
<status status="PASS" starttime="20190523 21:16:42.376" endtime="20190523 21:16:46.997"></status>
</kw>
<kw name="Click Element" library="Selenium2Library">
<doc>Click element identified by ``locator``.</doc>
<arguments>
<arg>xpath=${element}</arg>
</arguments>
<msg timestamp="20190523 21:16:46.997" level="INFO">Clicking element 'xpath=//*[@id="c24-dialog-points-modal"]/div/header/button'.</msg>
<status status="PASS" starttime="20190523 21:16:46.997" endtime="20190523 21:16:47.109"></status>
</kw>
<status status="PASS" starttime="20190523 21:16:42.375" endtime="20190523 21:16:47.109"></status>
</kw>
<status status="PASS" starttime="20190523 21:16:42.373" endtime="20190523 21:16:47.109"></status>
</kw>
<kw name="Page Should Contain" library="Selenium2Library">
<doc>Verifies that current page contains ``text``.</doc>
<arguments>
<arg>${welcome_phrase}</arg>
</arguments>
<msg timestamp="20190523 21:16:47.139" level="INFO">Current page contains text 'Hallo'.</msg>
<status status="PASS" starttime="20190523 21:16:47.109" endtime="20190523 21:16:47.139"></status>
</kw>
<kw name="Page Should Contain" library="Selenium2Library">
<doc>Verifies that current page contains ``text``.</doc>
<arguments>
<arg>Sie sind angemeldet als</arg>
</arguments>
<msg timestamp="20190523 21:16:47.168" level="INFO">Current page contains text 'Sie sind angemeldet als'.</msg>
<status status="PASS" starttime="20190523 21:16:47.139" endtime="20190523 21:16:47.168"></status>
</kw>
<kw name="Page Should Contain" library="Selenium2Library">
<doc>Verifies that current page contains ``text``.</doc>
<arguments>
<arg>${test_email}</arg>
</arguments>
<msg timestamp="20190523 21:16:47.198" level="INFO">Current page contains text 'web_register+1558617375287@gmail.com'.</msg>
<status status="PASS" starttime="20190523 21:16:47.168" endtime="20190523 21:16:47.198"></status>
</kw>
<status status="PASS" starttime="20190523 21:16:40.846" endtime="20190523 21:16:47.198"></status>
</kw>
<kw name="Close Browser" library="Selenium2Library" type="teardown">
<doc>Closes the current browser.</doc>
<status status="PASS" starttime="20190523 21:16:47.199" endtime="20190523 21:16:49.472"></status>
</kw>
<tags>
<tag>register</tag>
<tag>test</tag>
</tags>
<status status="PASS" starttime="20190523 21:16:15.291" endtime="20190523 21:16:49.473" critical="yes"></status>
</test>
<test id="s1-t2" name="Login With Username And Password">
<kw name="Initiate" type="setup">
<kw name="Create Dictionary" library="BuiltIn">
<doc>Creates and returns a dictionary based on the given ``items``.</doc>
<arguments>
<arg>pageLoadingStrategy=eager</arg>
</arguments>
<assign>
<var>${desired_capabilities}</var>
</assign>
<msg timestamp="20190523 21:16:49.487" level="INFO">${desired_capabilities} = {'pageLoadingStrategy': 'eager'}</msg>
<status status="PASS" starttime="20190523 21:16:49.485" endtime="20190523 21:16:49.488"></status>
</kw>
<kw name="Open Browser" library="Selenium2Library">
<doc>Opens a new browser instance to the given ``url``.</doc>
<arguments>
<arg>${url}</arg>
<arg>${browser}</arg>
<arg>desired_capabilities=${desired_capabilities}</arg>
</arguments>
<msg timestamp="20190523 21:16:49.490" level="INFO">Opening browser 'Chrome' to base url 'https://www.check24.de/'.</msg>
<status status="PASS" starttime="20190523 21:16:49.489" endtime="20190523 21:17:25.092"></status>
</kw>
<kw name="Maximize Browser Window" library="Selenium2Library">
<doc>Maximizes current browser window.</doc>
<status status="PASS" starttime="20190523 21:17:25.092" endtime="20190523 21:17:26.299"></status>
</kw>
<status status="PASS" starttime="20190523 21:16:49.484" endtime="20190523 21:17:26.299"></status>
</kw>
<kw name="Go To Login Page">
<kw name="Wait And Click Xpath Element">
<arguments>
<arg>${user_info_menu}</arg>
</arguments>
<kw name="Wait Until Element Is Visible" library="Selenium2Library">
<doc>Waits until element ``locator`` is visible.</doc>
<arguments>
<arg>xpath=${element}</arg>
</arguments>
<status status="PASS" starttime="20190523 21:17:26.301" endtime="20190523 21:17:27.067"></status>
</kw>
<kw name="Click Element" library="Selenium2Library">
<doc>Click element identified by ``locator``.</doc>
<arguments>
<arg>xpath=${element}</arg>
</arguments>
<msg timestamp="20190523 21:17:27.068" level="INFO">Clicking element 'xpath=//*[contains(text(), "Mein Konto")]'.</msg>
<status status="PASS" starttime="20190523 21:17:27.068" endtime="20190523 21:17:27.281"></status>
</kw>
<status status="PASS" starttime="20190523 21:17:26.301" endtime="20190523 21:17:27.282"></status>
</kw>
<kw name="Wait And Click Xpath Element">
<arguments>
<arg>${login_page_link}</arg>
</arguments>
<kw name="Wait Until Element Is Visible" library="Selenium2Library">
<doc>Waits until element ``locator`` is visible.</doc>
<arguments>
<arg>xpath=${element}</arg>
</arguments>
<status status="PASS" starttime="20190523 21:17:27.283" endtime="20190523 21:17:27.350"></status>
</kw>
<kw name="Click Element" library="Selenium2Library">
<doc>Click element identified by ``locator``.</doc>
<arguments>
<arg>xpath=${element}</arg>
</arguments>
<msg timestamp="20190523 21:17:27.351" level="INFO">Clicking element 'xpath=//*[contains(text(), "Anmelden")]'.</msg>
<status status="PASS" starttime="20190523 21:17:27.350" endtime="20190523 21:17:30.976"></status>
</kw>
<status status="PASS" starttime="20190523 21:17:27.282" endtime="20190523 21:17:30.977"></status>
</kw>
<kw name="Wait Until Element Is Visible" library="Selenium2Library">
<doc>Waits until element ``locator`` is visible.</doc>
<arguments>
<arg>${username_xpath}</arg>
</arguments>
<status status="PASS" starttime="20190523 21:17:30.977" endtime="20190523 21:17:31.031"></status>
</kw>
<status status="PASS" starttime="20190523 21:17:26.300" endtime="20190523 21:17:31.032"></status>
</kw>
<kw name="Login">
<arguments>
<arg>${test_email}</arg>
<arg>${test_password}</arg>
</arguments>
<kw name="Click Element" library="Selenium2Library">
<doc>Click element identified by ``locator``.</doc>
<arguments>
<arg>${username_xpath}</arg>
</arguments>
<msg timestamp="20190523 21:17:31.034" level="INFO">Clicking element '//*[@id="email"]'.</msg>
<status status="PASS" starttime="20190523 21:17:31.033" endtime="20190523 21:17:31.117"></status>
</kw>
<kw name="Input Text" library="Selenium2Library">
<doc>Types the given ``text`` into text field identified by ``locator``.</doc>
<arguments>
<arg>${username_xpath}</arg>
<arg>${USER_NAME}</arg>
</arguments>
<msg timestamp="20190523 21:17:31.118" level="INFO">Typing text 'web_register+1558617375287@gmail.com' into text field '//*[@id="email"]'.</msg>
<status status="PASS" starttime="20190523 21:17:31.118" endtime="20190523 21:17:31.480"></status>
</kw>
<kw name="Click Element" library="Selenium2Library">
<doc>Click element identified by ``locator``.</doc>
<arguments>
<arg>${password_xpath}</arg>
</arguments>
<msg timestamp="20190523 21:17:31.480" level="INFO">Clicking element '//*[@id="password"]'.</msg>
<status status="PASS" starttime="20190523 21:17:31.480" endtime="20190523 21:17:31.571"></status>
</kw>
<kw name="Input Text" library="Selenium2Library">
<doc>Types the given ``text`` into text field identified by ``locator``.</doc>
<arguments>
<arg>${password_xpath}</arg>
<arg>${PASSWORD}</arg>
</arguments>
<msg timestamp="20190523 21:17:31.571" level="INFO">Typing text 'Test123' into text field '//*[@id="password"]'.</msg>
<status status="PASS" starttime="20190523 21:17:31.571" endtime="20190523 21:17:31.681"></status>
</kw>
<kw name="Click Element" library="Selenium2Library">
<doc>Click element identified by ``locator``.</doc>
<arguments>
<arg>${login_button}</arg>
</arguments>
<msg timestamp="20190523 21:17:31.682" level="INFO">Clicking element '//button[@name="login"]'.</msg>
<status status="PASS" starttime="20190523 21:17:31.682" endtime="20190523 21:17:31.757"></status>
</kw>
<kw name="Run Keyword And Ignore Error" library="BuiltIn">
<doc>Runs the given keyword with the given arguments and ignores possible error.</doc>
<arguments>
<arg>Wait And Click Xpath Element</arg>
<arg>${ads_pop_up_cancel_button}</arg>
</arguments>
<kw name="Wait And Click Xpath Element">
<arguments>
<arg>${ads_pop_up_cancel_button}</arg>
</arguments>
<kw name="Wait Until Element Is Visible" library="Selenium2Library">
<doc>Waits until element ``locator`` is visible.</doc>
<arguments>
<arg>xpath=${element}</arg>
</arguments>
<status status="PASS" starttime="20190523 21:17:31.759" endtime="20190523 21:17:36.877"></status>
</kw>
<kw name="Click Element" library="Selenium2Library">
<doc>Click element identified by ``locator``.</doc>
<arguments>
<arg>xpath=${element}</arg>
</arguments>
<msg timestamp="20190523 21:17:36.878" level="INFO">Clicking element 'xpath=//*[@id="c24-dialog-points-modal"]/div/header/button'.</msg>
<status status="PASS" starttime="20190523 21:17:36.877" endtime="20190523 21:17:36.948"></status>
</kw>
<status status="PASS" starttime="20190523 21:17:31.758" endtime="20190523 21:17:36.948"></status>
</kw>
<status status="PASS" starttime="20190523 21:17:31.758" endtime="20190523 21:17:36.948"></status>
</kw>
<kw name="Page Should Contain" library="Selenium2Library">
<doc>Verifies that current page contains ``text``.</doc>
<arguments>
<arg>${welcome_phrase}</arg>
</arguments>
<msg timestamp="20190523 21:17:36.977" level="INFO">Current page contains text 'Hallo'.</msg>
<status status="PASS" starttime="20190523 21:17:36.949" endtime="20190523 21:17:36.977"></status>
</kw>
<kw name="Page Should Contain" library="Selenium2Library">
<doc>Verifies that current page contains ``text``.</doc>
<arguments>
<arg>Sie sind angemeldet als</arg>
</arguments>
<msg timestamp="20190523 21:17:37.003" level="INFO">Current page contains text 'Sie sind angemeldet als'.</msg>
<status status="PASS" starttime="20190523 21:17:36.977" endtime="20190523 21:17:37.004"></status>
</kw>
<kw name="Page Should Contain" library="Selenium2Library">
<doc>Verifies that current page contains ``text``.</doc>
<arguments>
<arg>${test_email}</arg>
</arguments>
<msg timestamp="20190523 21:17:37.053" level="INFO">Current page contains text 'web_register+1558617375287@gmail.com'.</msg>
<status status="PASS" starttime="20190523 21:17:37.005" endtime="20190523 21:17:37.053"></status>
</kw>
<status status="PASS" starttime="20190523 21:17:31.032" endtime="20190523 21:17:37.053"></status>
</kw>
<kw name="Close Browser" library="Selenium2Library" type="teardown">
<doc>Closes the current browser.</doc>
<status status="PASS" starttime="20190523 21:17:37.054" endtime="20190523 21:17:39.345"></status>
</kw>
<tags>
<tag>login</tag>
<tag>test</tag>
</tags>
<status status="PASS" starttime="20190523 21:16:49.481" endtime="20190523 21:17:39.346" critical="yes"></status>
</test>
<test id="s1-t3" name="Search">
<kw name="Initiate" type="setup">
<kw name="Create Dictionary" library="BuiltIn">
<doc>Creates and returns a dictionary based on the given ``items``.</doc>
<arguments>
<arg>pageLoadingStrategy=eager</arg>
</arguments>
<assign>
<var>${desired_capabilities}</var>
</assign>
<msg timestamp="20190523 21:17:39.357" level="INFO">${desired_capabilities} = {'pageLoadingStrategy': 'eager'}</msg>
<status status="PASS" starttime="20190523 21:17:39.356" endtime="20190523 21:17:39.357"></status>
</kw>
<kw name="Open Browser" library="Selenium2Library">
<doc>Opens a new browser instance to the given ``url``.</doc>
<arguments>
<arg>${url}</arg>
<arg>${browser}</arg>
<arg>desired_capabilities=${desired_capabilities}</arg>
</arguments>
<msg timestamp="20190523 21:17:39.359" level="INFO">Opening browser 'Chrome' to base url 'https://www.check24.de/'.</msg>
<status status="PASS" starttime="20190523 21:17:39.358" endtime="20190523 21:17:59.252"></status>
</kw>
<kw name="Maximize Browser Window" library="Selenium2Library">
<doc>Maximizes current browser window.</doc>
<status status="PASS" starttime="20190523 21:17:59.253" endtime="20190523 21:18:00.414"></status>
</kw>
<status status="PASS" starttime="20190523 21:17:39.355" endtime="20190523 21:18:00.414"></status>
</kw>
<kw name="Go To Login Page">
<kw name="Wait And Click Xpath Element">
<arguments>
<arg>${user_info_menu}</arg>
</arguments>
<kw name="Wait Until Element Is Visible" library="Selenium2Library">
<doc>Waits until element ``locator`` is visible.</doc>
<arguments>
<arg>xpath=${element}</arg>
</arguments>
<status status="PASS" starttime="20190523 21:18:00.417" endtime="20190523 21:18:01.059"></status>
</kw>
<kw name="Click Element" library="Selenium2Library">
<doc>Click element identified by ``locator``.</doc>
<arguments>
<arg>xpath=${element}</arg>
</arguments>
<msg timestamp="20190523 21:18:01.060" level="INFO">Clicking element 'xpath=//*[contains(text(), "Mein Konto")]'.</msg>
<status status="PASS" starttime="20190523 21:18:01.060" endtime="20190523 21:18:01.404"></status>
</kw>
<status status="PASS" starttime="20190523 21:18:00.417" endtime="20190523 21:18:01.404"></status>
</kw>
<kw name="Wait And Click Xpath Element">
<arguments>
<arg>${login_page_link}</arg>
</arguments>
<kw name="Wait Until Element Is Visible" library="Selenium2Library">
<doc>Waits until element ``locator`` is visible.</doc>
<arguments>
<arg>xpath=${element}</arg>
</arguments>
<status status="PASS" starttime="20190523 21:18:01.405" endtime="20190523 21:18:01.468"></status>
</kw>
<kw name="Click Element" library="Selenium2Library">
<doc>Click element identified by ``locator``.</doc>
<arguments>
<arg>xpath=${element}</arg>
</arguments>
<msg timestamp="20190523 21:18:01.469" level="INFO">Clicking element 'xpath=//*[contains(text(), "Anmelden")]'.</msg>
<status status="PASS" starttime="20190523 21:18:01.468" endtime="20190523 21:18:05.728"></status>
</kw>
<status status="PASS" starttime="20190523 21:18:01.405" endtime="20190523 21:18:05.729"></status>
</kw>
<kw name="Wait Until Element Is Visible" library="Selenium2Library">
<doc>Waits until element ``locator`` is visible.</doc>
<arguments>
<arg>${username_xpath}</arg>
</arguments>
<status status="PASS" starttime="20190523 21:18:05.730" endtime="20190523 21:18:05.788"></status>
</kw>
<status status="PASS" starttime="20190523 21:18:00.415" endtime="20190523 21:18:05.788"></status>
</kw>
<kw name="Login">
<arguments>
<arg>${test_email}</arg>
<arg>${test_password}</arg>
</arguments>
<kw name="Click Element" library="Selenium2Library">
<doc>Click element identified by ``locator``.</doc>
<arguments>
<arg>${username_xpath}</arg>
</arguments>
<msg timestamp="20190523 21:18:05.790" level="INFO">Clicking element '//*[@id="email"]'.</msg>
<status status="PASS" starttime="20190523 21:18:05.790" endtime="20190523 21:18:05.904"></status>
</kw>
<kw name="Input Text" library="Selenium2Library">
<doc>Types the given ``text`` into text field identified by ``locator``.</doc>
<arguments>
<arg>${username_xpath}</arg>
<arg>${USER_NAME}</arg>
</arguments>
<msg timestamp="20190523 21:18:05.905" level="INFO">Typing text 'web_register+1558617375287@gmail.com' into text field '//*[@id="email"]'.</msg>
<status status="PASS" starttime="20190523 21:18:05.904" endtime="20190523 21:18:06.274"></status>
</kw>
<kw name="Click Element" library="Selenium2Library">
<doc>Click element identified by ``locator``.</doc>
<arguments>
<arg>${password_xpath}</arg>
</arguments>
<msg timestamp="20190523 21:18:06.275" level="INFO">Clicking element '//*[@id="password"]'.</msg>
<status status="PASS" starttime="20190523 21:18:06.274" endtime="20190523 21:18:06.386"></status>
</kw>
<kw name="Input Text" library="Selenium2Library">
<doc>Types the given ``text`` into text field identified by ``locator``.</doc>
<arguments>
<arg>${password_xpath}</arg>
<arg>${PASSWORD}</arg>
</arguments>
<msg timestamp="20190523 21:18:06.387" level="INFO">Typing text 'Test123' into text field '//*[@id="password"]'.</msg>
<status status="PASS" starttime="20190523 21:18:06.386" endtime="20190523 21:18:06.545"></status>
</kw>
<kw name="Click Element" library="Selenium2Library">
<doc>Click element identified by ``locator``.</doc>
<arguments>
<arg>${login_button}</arg>
</arguments>
<msg timestamp="20190523 21:18:06.546" level="INFO">Clicking element '//button[@name="login"]'.</msg>
<status status="PASS" starttime="20190523 21:18:06.545" endtime="20190523 21:18:06.640"></status>
</kw>
<kw name="Run Keyword And Ignore Error" library="BuiltIn">
<doc>Runs the given keyword with the given arguments and ignores possible error.</doc>
<arguments>
<arg>Wait And Click Xpath Element</arg>
<arg>${ads_pop_up_cancel_button}</arg>
</arguments>
<kw name="Wait And Click Xpath Element">
<arguments>
<arg>${ads_pop_up_cancel_button}</arg>
</arguments>
<kw name="Wait Until Element Is Visible" library="Selenium2Library">
<doc>Waits until element ``locator`` is visible.</doc>
<arguments>
<arg>xpath=${element}</arg>
</arguments>
<status status="PASS" starttime="20190523 21:18:06.642" endtime="20190523 21:18:11.218"></status>
</kw>
<kw name="Click Element" library="Selenium2Library">
<doc>Click element identified by ``locator``.</doc>
<arguments>
<arg>xpath=${element}</arg>
</arguments>
<msg timestamp="20190523 21:18:11.218" level="INFO">Clicking element 'xpath=//*[@id="c24-dialog-points-modal"]/div/header/button'.</msg>
<status status="PASS" starttime="20190523 21:18:11.218" endtime="20190523 21:18:11.295"></status>
</kw>
<status status="PASS" starttime="20190523 21:18:06.641" endtime="20190523 21:18:11.296"></status>
</kw>
<status status="PASS" starttime="20190523 21:18:06.640" endtime="20190523 21:18:11.296"></status>
</kw>
<kw name="Page Should Contain" library="Selenium2Library">
<doc>Verifies that current page contains ``text``.</doc>
<arguments>
<arg>${welcome_phrase}</arg>
</arguments>
<msg timestamp="20190523 21:18:11.342" level="INFO">Current page contains text 'Hallo'.</msg>
<status status="PASS" starttime="20190523 21:18:11.296" endtime="20190523 21:18:11.342"></status>
</kw>
<kw name="Page Should Contain" library="Selenium2Library">
<doc>Verifies that current page contains ``text``.</doc>
<arguments>
<arg>Sie sind angemeldet als</arg>
</arguments>
<msg timestamp="20190523 21:18:11.391" level="INFO">Current page contains text 'Sie sind angemeldet als'.</msg>
<status status="PASS" starttime="20190523 21:18:11.342" endtime="20190523 21:18:11.392"></status>
</kw>
<kw name="Page Should Contain" library="Selenium2Library">
<doc>Verifies that current page contains ``text``.</doc>
<arguments>
<arg>${test_email}</arg>
</arguments>
<msg timestamp="20190523 21:18:11.446" level="INFO">Current page contains text 'web_register+1558617375287@gmail.com'.</msg>
<status status="PASS" starttime="20190523 21:18:11.392" endtime="20190523 21:18:11.446"></status>
</kw>
<status status="PASS" starttime="20190523 21:18:05.789" endtime="20190523 21:18:11.447"></status>
</kw>
<kw name="Go To" library="Selenium2Library">
<doc>Navigates the active browser instance to the provided ``url``.</doc>
<arguments>
<arg>${url}</arg>
</arguments>
<msg timestamp="20190523 21:18:11.448" level="INFO">Opening url 'https://www.check24.de/'</msg>
<status status="PASS" starttime="20190523 21:18:11.447" endtime="20190523 21:18:15.988"></status>
</kw>
<kw name="Go To Search Vacation Page">
<kw name="Click Element" library="Selenium2Library">
<doc>Click element identified by ``locator``.</doc>
<arguments>
<arg>${search_vacation_icon}</arg>
</arguments>
<msg timestamp="20190523 21:18:15.989" level="INFO">Clicking element '//*[@href="https://urlaub.check24.de/"]'.</msg>
<status status="PASS" starttime="20190523 21:18:15.989" endtime="20190523 21:18:20.043"></status>
</kw>
<kw name="Wait Until Element Is Visible" library="Selenium2Library">
<doc>Waits until element ``locator`` is visible.</doc>
<arguments>
<arg>${destination_text_field}</arg>
</arguments>
<status status="PASS" starttime="20190523 21:18:20.044" endtime="20190523 21:18:20.091"></status>
</kw>
<status status="PASS" starttime="20190523 21:18:15.988" endtime="20190523 21:18:20.092"></status>
</kw>
<kw name="Travel Search">
<arguments>
<arg>${destination}</arg>
<arg>${airport}</arg>
<arg>${departure_date}</arg>
<arg>${return_date}</arg>
</arguments>
<kw name="Click And Input">
<arguments>
<arg>${destination_text_field}</arg>
<arg>${dest}</arg>
</arguments>
<kw name="Click Element" library="Selenium2Library">
<doc>Click element identified by ``locator``.</doc>
<arguments>
<arg>${target}</arg>
</arguments>
<msg timestamp="20190523 21:18:20.094" level="INFO">Clicking element '//input[@name="destination"]'.</msg>
<status status="PASS" starttime="20190523 21:18:20.094" endtime="20190523 21:18:20.257"></status>
</kw>
<kw name="Input Text" library="Selenium2Library">
<doc>Types the given ``text`` into text field identified by ``locator``.</doc>
<arguments>
<arg>${target}</arg>
<arg>${input_text}</arg>
</arguments>
<msg timestamp="20190523 21:18:20.258" level="INFO">Typing text 'Deutschland' into text field '//input[@name="destination"]'.</msg>
<status status="PASS" starttime="20190523 21:18:20.257" endtime="20190523 21:18:20.605"></status>
</kw>
<kw name="Sleep" library="BuiltIn">
<doc>Pauses the test executed for the given time.</doc>
<arguments>
<arg>1</arg>
</arguments>
<msg timestamp="20190523 21:18:21.607" level="INFO">Slept 1 second</msg>
<status status="PASS" starttime="20190523 21:18:20.605" endtime="20190523 21:18:21.607"></status>
</kw>
<kw name="Press Key" library="Selenium2Library">
<doc>Deprecated use `Press Keys` instead.</doc>
<arguments>
<arg>${target}</arg>
<arg>${enter_ascii}</arg>
</arguments>
<status status="PASS" starttime="20190523 21:18:21.607" endtime="20190523 21:18:21.718"></status>
</kw>
<status status="PASS" starttime="20190523 21:18:20.093" endtime="20190523 21:18:21.718"></status>
</kw>
<kw name="Click And Input">
<arguments>
<arg>${airport_text_field}</arg>
<arg>${airport}</arg>
</arguments>
<kw name="Click Element" library="Selenium2Library">
<doc>Click element identified by ``locator``.</doc>
<arguments>
<arg>${target}</arg>
</arguments>
<msg timestamp="20190523 21:18:21.720" level="INFO">Clicking element '//input[@name="airport-element"]'.</msg>
<status status="PASS" starttime="20190523 21:18:21.720" endtime="20190523 21:18:21.951"></status>
</kw>
<kw name="Input Text" library="Selenium2Library">
<doc>Types the given ``text`` into text field identified by ``locator``.</doc>
<arguments>
<arg>${target}</arg>
<arg>${input_text}</arg>
</arguments>
<msg timestamp="20190523 21:18:21.953" level="INFO">Typing text 'DUS' into text field '//input[@name="airport-element"]'.</msg>
<status status="PASS" starttime="20190523 21:18:21.952" endtime="20190523 21:18:22.201"></status>
</kw>
<kw name="Sleep" library="BuiltIn">
<doc>Pauses the test executed for the given time.</doc>
<arguments>
<arg>1</arg>
</arguments>
<msg timestamp="20190523 21:18:23.203" level="INFO">Slept 1 second</msg>
<status status="PASS" starttime="20190523 21:18:22.201" endtime="20190523 21:18:23.203"></status>
</kw>
<kw name="Press Key" library="Selenium2Library">
<doc>Deprecated use `Press Keys` instead.</doc>
<arguments>
<arg>${target}</arg>
<arg>${enter_ascii}</arg>
</arguments>
<status status="PASS" starttime="20190523 21:18:23.204" endtime="20190523 21:18:23.402"></status>
</kw>
<status status="PASS" starttime="20190523 21:18:21.719" endtime="20190523 21:18:23.403"></status>
</kw>
<kw name="Click Element" library="Selenium2Library">
<doc>Click element identified by ``locator``.</doc>
<arguments>
<arg>${duration_droplist}</arg>
</arguments>
<msg timestamp="20190523 21:18:23.403" level="INFO">Clicking element '//*[@class="c24-travel-duration-overlay c24-travel-js-open-duration-layer"]'.</msg>
<status status="PASS" starttime="20190523 21:18:23.403" endtime="20190523 21:18:23.617"></status>
</kw>
<kw name="Click Element" library="Selenium2Library">
<doc>Click element identified by ``locator``.</doc>
<arguments>
<arg>${duration_option_2}</arg>
</arguments>
<msg timestamp="20190523 21:18:23.619" level="INFO">Clicking element '//*[contains(text(), " exakte Reisedaten ")]'.</msg>
<status status="PASS" starttime="20190523 21:18:23.618" endtime="20190523 21:18:24.206"></status>
</kw>
<kw name="Click Element" library="Selenium2Library">
<doc>Click element identified by ``locator``.</doc>
<arguments>
<arg>${passenger_droplist}</arg>
</arguments>
<msg timestamp="20190523 21:18:24.207" level="INFO">Clicking element '//*[@id="c24-travel-traveller-roomcount-detail-btn"]'.</msg>
<status status="PASS" starttime="20190523 21:18:24.207" endtime="20190523 21:18:24.897"></status>
</kw>
<kw name="Click Element" library="Selenium2Library">
<doc>Click element identified by ``locator``.</doc>
<arguments>
<arg>${passenger_sumit}</arg>
</arguments>
<msg timestamp="20190523 21:18:24.898" level="INFO">Clicking element '//*[@id="c24-travel-js-get-traveller-btn"]'.</msg>
<status status="PASS" starttime="20190523 21:18:24.897" endtime="20190523 21:18:25.315"></status>
</kw>
<kw name="Click Element" library="Selenium2Library">
<doc>Click element identified by ``locator``.</doc>
<arguments>
<arg>${departure_date_text_field}</arg>
</arguments>
<msg timestamp="20190523 21:18:25.316" level="INFO">Clicking element '//*[@class="c24-travel-tablet-input-overlay c24-travel-filled"]'.</msg>
<status status="PASS" starttime="20190523 21:18:25.315" endtime="20190523 21:18:25.523"></status>
</kw>
<kw name="Input Text" library="Selenium2Library">
<doc>Types the given ``text`` into text field identified by ``locator``.</doc>
<arguments>
<arg>${departure_date_text_input_field}</arg>
<arg>${departure_date}</arg>
</arguments>
<msg timestamp="20190523 21:18:25.524" level="INFO">Typing text '26.05.2019' into text field '//*[@id="c24-travel-departure-date-element"]'.</msg>
<status status="PASS" starttime="20190523 21:18:25.523" endtime="20190523 21:18:25.861"></status>
</kw>
<kw name="Click Element" library="Selenium2Library">
<doc>Click element identified by ``locator``.</doc>
<arguments>
<arg>${return_date_text_field}</arg>
</arguments>
<msg timestamp="20190523 21:18:25.862" level="INFO">Clicking element '//*[@class="c24-travel-tablet-input-overlay c24-travel-empty"]'.</msg>
<status status="PASS" starttime="20190523 21:18:25.862" endtime="20190523 21:18:26.075"></status>
</kw>
<kw name="Input Text" library="Selenium2Library">
<doc>Types the given ``text`` into text field identified by ``locator``.</doc>
<arguments>
<arg>${return_date_text_input_field}</arg>
<arg>${return_date}</arg>
</arguments>
<msg timestamp="20190523 21:18:26.076" level="INFO">Typing text '06.06.2019' into text field '//*[@id="c24-travel-return-date-element"]'.</msg>
<status status="PASS" starttime="20190523 21:18:26.076" endtime="20190523 21:18:26.610"></status>
</kw>
<kw name="Click Element" library="Selenium2Library">
<doc>Click element identified by ``locator``.</doc>
<arguments>
<arg>${sumit_vacation_button}</arg>
</arguments>
<msg timestamp="20190523 21:18:26.612" level="INFO">Clicking element '//button[@name="searchButton"]'.</msg>
<status status="PASS" starttime="20190523 21:18:26.611" endtime="20190523 21:18:30.092"></status>
</kw>
<status status="PASS" starttime="20190523 21:18:20.092" endtime="20190523 21:18:30.092"></status>
</kw>
<kw name="Get Element Count" library="Selenium2Library">
<doc>Returns number of elements matching ``locator``.</doc>
<arguments>
<arg>${search_item_element}</arg>
</arguments>
<assign>
<var>${result_number}</var>
</assign>
<msg timestamp="20190523 21:18:30.144" level="INFO">${result_number} = 14</msg>
<status status="PASS" starttime="20190523 21:18:30.095" endtime="20190523 21:18:30.144"></status>
</kw>
<kw name="Run Keyword If" library="BuiltIn">
<doc>Runs the given keyword with the given arguments, if ``condition`` is true.</doc>
<arguments>
<arg>${result_number} &lt; ${1}</arg>
<arg>Fail</arg>
<arg>No result for searching ${destination} ${airport} ${departure_date} ${return_date}</arg>
</arguments>
<status status="PASS" starttime="20190523 21:18:30.144" endtime="20190523 21:18:30.146"></status>
</kw>
<kw name="Close Browser" library="Selenium2Library" type="teardown">
<doc>Closes the current browser.</doc>
<status status="PASS" starttime="20190523 21:18:30.146" endtime="20190523 21:18:32.511"></status>
</kw>
<tags>
<tag>search</tag>
<tag>test</tag>
</tags>
<status status="PASS" starttime="20190523 21:17:39.353" endtime="20190523 21:18:32.512" critical="yes"></status>
</test>
<status status="PASS" starttime="20190523 21:16:14.327" endtime="20190523 21:18:32.518"></status>
</suite>
<statistics>
<total>
<stat pass="3" fail="0">Critical Tests</stat>
<stat pass="3" fail="0">All Tests</stat>
</total>
<tag>
<stat pass="1" fail="0">login</stat>
<stat pass="1" fail="0">register</stat>
<stat pass="1" fail="0">search</stat>
<stat pass="3" fail="0">test</stat>
</tag>
<suite>
<stat pass="3" fail="0" id="s1" name="Login">Login</stat>
</suite>
</statistics>
<errors>
</errors>
</robot>
