<?xml version="1.0" encoding="UTF-8"?>
<robot generator="Robot 3.1.1 (Python 3.7.3 on win32)" generated="20190523 12:38:43.081" rpa="false">
<suite id="s1" name="Login" source="C:\Users\zongliang.li\Desktop\workspace\interview\interview\login.robot">
<kw name="Create Random Account" type="setup">
<kw name="Evaluate" library="BuiltIn">
<doc>Evaluates the given expression in Python and returns the results.</doc>
<arguments>
<arg>str(int(time.time() * 1000))</arg>
<arg>modules=time</arg>
</arguments>
<assign>
<var>${uid}</var>
</assign>
<msg timestamp="20190523 12:38:43.494" level="INFO">${uid} = 1558586323494</msg>
<status status="PASS" starttime="20190523 12:38:43.494" endtime="20190523 12:38:43.494"></status>
</kw>
<kw name="Set Suite Variable" library="BuiltIn">
<doc>Makes a variable available everywhere within the scope of the current suite.</doc>
<arguments>
<arg>${test_email}</arg>
<arg>${register}+${uid}@gmail.com</arg>
</arguments>
<msg timestamp="20190523 12:38:43.497" level="INFO">${test_email} = arloqaregister+1558586323494@gmail.com</msg>
<status status="PASS" starttime="20190523 12:38:43.495" endtime="20190523 12:38:43.498"></status>
</kw>
<kw name="Set Suite Variable" library="BuiltIn">
<doc>Makes a variable available everywhere within the scope of the current suite.</doc>
<arguments>
<arg>${test_password}</arg>
</arguments>
<msg timestamp="20190523 12:38:43.498" level="INFO">${test_password} = Test123</msg>
<status status="PASS" starttime="20190523 12:38:43.498" endtime="20190523 12:38:43.498"></status>
</kw>
<status status="PASS" starttime="20190523 12:38:43.493" endtime="20190523 12:38:43.498"></status>
</kw>
<test id="s1-t1" name="Registering new customer">
<kw name="Initiate" type="setup">
<kw name="Create Dictionary" library="BuiltIn">
<doc>Creates and returns a dictionary based on the given ``items``.</doc>
<arguments>
<arg>pageLoadingStrategy=eager</arg>
</arguments>
<assign>
<var>${desired_capabilities}</var>
</assign>
<msg timestamp="20190523 12:38:43.501" level="INFO">${desired_capabilities} = {'pageLoadingStrategy': 'eager'}</msg>
<status status="PASS" starttime="20190523 12:38:43.500" endtime="20190523 12:38:43.501"></status>
</kw>
<kw name="Open Browser" library="Selenium2Library">
<doc>Opens a new browser instance to the given ``url``.</doc>
<arguments>
<arg>${url}</arg>
<arg>${browser}</arg>
<arg>desired_capabilities=${desired_capabilities}</arg>
</arguments>
<msg timestamp="20190523 12:38:43.502" level="INFO">Opening browser 'Chrome' to base url 'https://www.check24.de/'.</msg>
<status status="PASS" starttime="20190523 12:38:43.501" endtime="20190523 12:38:56.520"></status>
</kw>
<kw name="Maximize Browser Window" library="Selenium2Library">
<doc>Maximizes current browser window.</doc>
<status status="PASS" starttime="20190523 12:38:56.520" endtime="20190523 12:38:57.685"></status>
</kw>
<status status="PASS" starttime="20190523 12:38:43.499" endtime="20190523 12:38:57.685"></status>
</kw>
<kw name="Go To Register Page">
<kw name="Wait And Click Xpath Element">
<arguments>
<arg>${user_info_menu}</arg>
</arguments>
<kw name="Wait Until Element Is Visible" library="Selenium2Library">
<doc>Waits until element ``locator`` is visible.</doc>
<arguments>
<arg>xpath=${element}</arg>
</arguments>
<status status="PASS" starttime="20190523 12:38:57.687" endtime="20190523 12:38:58.212"></status>
</kw>
<kw name="Click Element" library="Selenium2Library">
<doc>Click element identified by ``locator``.</doc>
<arguments>
<arg>xpath=${element}</arg>
</arguments>
<msg timestamp="20190523 12:38:58.213" level="INFO">Clicking element 'xpath=//*[contains(text(), "Mein Konto")]'.</msg>
<status status="PASS" starttime="20190523 12:38:58.212" endtime="20190523 12:38:58.565"></status>
</kw>
<status status="PASS" starttime="20190523 12:38:57.687" endtime="20190523 12:38:58.565"></status>
</kw>
<kw name="Wait And Click Xpath Element">
<arguments>
<arg>${register_page_link}</arg>
</arguments>
<kw name="Wait Until Element Is Visible" library="Selenium2Library">
<doc>Waits until element ``locator`` is visible.</doc>
<arguments>
<arg>xpath=${element}</arg>
</arguments>
<status status="PASS" starttime="20190523 12:38:58.566" endtime="20190523 12:38:58.913"></status>
</kw>
<kw name="Click Element" library="Selenium2Library">
<doc>Click element identified by ``locator``.</doc>
<arguments>
<arg>xpath=${element}</arg>
</arguments>
<msg timestamp="20190523 12:38:58.914" level="INFO">Clicking element 'xpath=//*[contains(text(), "Starten Sie hier")]'.</msg>
<status status="PASS" starttime="20190523 12:38:58.913" endtime="20190523 12:39:01.772"></status>
</kw>
<status status="PASS" starttime="20190523 12:38:58.565" endtime="20190523 12:39:01.773"></status>
</kw>
<kw name="Wait Until Element Is Visible" library="Selenium2Library">
<doc>Waits until element ``locator`` is visible.</doc>
<arguments>
<arg>${username_xpath}</arg>
</arguments>
<status status="PASS" starttime="20190523 12:39:01.773" endtime="20190523 12:39:01.816"></status>
</kw>
<status status="PASS" starttime="20190523 12:38:57.686" endtime="20190523 12:39:01.816"></status>
</kw>
<kw name="Register A New Account">
<arguments>
<arg>${test_email}</arg>
<arg>${test_password}</arg>
</arguments>
<kw name="Click Element" library="Selenium2Library">
<doc>Click element identified by ``locator``.</doc>
<arguments>
<arg>${username_xpath}</arg>
</arguments>
<msg timestamp="20190523 12:39:01.817" level="INFO">Clicking element '//*[@id="email"]'.</msg>
<status status="PASS" starttime="20190523 12:39:01.817" endtime="20190523 12:39:01.925"></status>
</kw>
<kw name="Input Text" library="Selenium2Library">
<doc>Types the given ``text`` into text field identified by ``locator``.</doc>
<arguments>
<arg>${username_xpath}</arg>
<arg>${USER_NAME}</arg>
</arguments>
<msg timestamp="20190523 12:39:01.926" level="INFO">Typing text 'arloqaregister+1558586323494@gmail.com' into text field '//*[@id="email"]'.</msg>
<status status="PASS" starttime="20190523 12:39:01.925" endtime="20190523 12:39:02.329"></status>
</kw>
<kw name="Click Element" library="Selenium2Library">
<doc>Click element identified by ``locator``.</doc>
<arguments>
<arg>${password_xpath}</arg>
</arguments>
<msg timestamp="20190523 12:39:02.330" level="INFO">Clicking element '//*[@id="password"]'.</msg>
<status status="PASS" starttime="20190523 12:39:02.330" endtime="20190523 12:39:02.435"></status>
</kw>
<kw name="Input Text" library="Selenium2Library">
<doc>Types the given ``text`` into text field identified by ``locator``.</doc>
<arguments>
<arg>${password_xpath}</arg>
<arg>${PASSWORD}</arg>
</arguments>
<msg timestamp="20190523 12:39:02.435" level="INFO">Typing text 'Test123' into text field '//*[@id="password"]'.</msg>
<status status="PASS" starttime="20190523 12:39:02.435" endtime="20190523 12:39:02.569"></status>
</kw>
<kw name="Click Element" library="Selenium2Library">
<doc>Click element identified by ``locator``.</doc>
<arguments>
<arg>${password_confirm_xpath}</arg>
</arguments>
<msg timestamp="20190523 12:39:02.570" level="INFO">Clicking element '//*[@id="passwordrepetition"]'.</msg>
<status status="PASS" starttime="20190523 12:39:02.570" endtime="20190523 12:39:02.657"></status>
</kw>
<kw name="Input Text" library="Selenium2Library">
<doc>Types the given ``text`` into text field identified by ``locator``.</doc>
<arguments>
<arg>${password_confirm_xpath}</arg>
<arg>${PASSWORD}</arg>
</arguments>
<msg timestamp="20190523 12:39:02.658" level="INFO">Typing text 'Test123' into text field '//*[@id="passwordrepetition"]'.</msg>
<status status="PASS" starttime="20190523 12:39:02.657" endtime="20190523 12:39:02.796"></status>
</kw>
<kw name="Click Element" library="Selenium2Library">
<doc>Click element identified by ``locator``.</doc>
<arguments>
<arg>${register_button}</arg>
</arguments>
<msg timestamp="20190523 12:39:02.797" level="INFO">Clicking element '//button[@name="register"]'.</msg>
<status status="PASS" starttime="20190523 12:39:02.796" endtime="20190523 12:39:02.881"></status>
</kw>
<kw name="Run Keyword And Ignore Error" library="BuiltIn">
<doc>Runs the given keyword with the given arguments and ignores possible error.</doc>
<arguments>
<arg>Wait And Click Xpath Element</arg>
<arg>${ads_pop_up_cancel_button}</arg>
</arguments>
<kw name="Wait And Click Xpath Element">
<arguments>
<arg>${ads_pop_up_cancel_button}</arg>
</arguments>
<kw name="Wait Until Element Is Visible" library="Selenium2Library">
<doc>Waits until element ``locator`` is visible.</doc>
<arguments>
<arg>xpath=${element}</arg>
</arguments>
<status status="PASS" starttime="20190523 12:39:02.884" endtime="20190523 12:39:07.759"></status>
</kw>
<kw name="Click Element" library="Selenium2Library">
<doc>Click element identified by ``locator``.</doc>
<arguments>
<arg>xpath=${element}</arg>
</arguments>
<msg timestamp="20190523 12:39:07.760" level="INFO">Clicking element 'xpath=//*[@id="c24-dialog-points-modal"]/div/header/button'.</msg>
<status status="PASS" starttime="20190523 12:39:07.760" endtime="20190523 12:39:07.859"></status>
</kw>
<status status="PASS" starttime="20190523 12:39:02.883" endtime="20190523 12:39:07.859"></status>
</kw>
<status status="PASS" starttime="20190523 12:39:02.882" endtime="20190523 12:39:07.859"></status>
</kw>
<kw name="Page Should Contain" library="Selenium2Library">
<doc>Verifies that current page contains ``text``.</doc>
<arguments>
<arg>${welcome_phrase}</arg>
</arguments>
<msg timestamp="20190523 12:39:07.894" level="INFO">Current page contains text 'Hallo'.</msg>
<status status="PASS" starttime="20190523 12:39:07.859" endtime="20190523 12:39:07.894"></status>
</kw>
<kw name="Page Should Contain" library="Selenium2Library">
<doc>Verifies that current page contains ``text``.</doc>
<arguments>
<arg>Sie sind angemeldet als</arg>
</arguments>
<msg timestamp="20190523 12:39:07.957" level="INFO">Current page contains text 'Sie sind angemeldet als'.</msg>
<status status="PASS" starttime="20190523 12:39:07.895" endtime="20190523 12:39:07.957"></status>
</kw>
<kw name="Page Should Contain" library="Selenium2Library">
<doc>Verifies that current page contains ``text``.</doc>
<arguments>
<arg>${test_email}</arg>
</arguments>
<msg timestamp="20190523 12:39:07.994" level="INFO">Current page contains text 'arloqaregister+1558586323494@gmail.com'.</msg>
<status status="PASS" starttime="20190523 12:39:07.957" endtime="20190523 12:39:07.994"></status>
</kw>
<status status="PASS" starttime="20190523 12:39:01.817" endtime="20190523 12:39:07.994"></status>
</kw>
<kw name="Close Browser" library="Selenium2Library" type="teardown">
<doc>Closes the current browser.</doc>
<status status="PASS" starttime="20190523 12:39:07.995" endtime="20190523 12:39:10.374"></status>
</kw>
<tags>
<tag>test</tag>
</tags>
<status status="PASS" starttime="20190523 12:38:43.498" endtime="20190523 12:39:10.375" critical="yes"></status>
</test>
<test id="s1-t2" name="Login With Username And Password">
<kw name="Initiate" type="setup">
<kw name="Create Dictionary" library="BuiltIn">
<doc>Creates and returns a dictionary based on the given ``items``.</doc>
<arguments>
<arg>pageLoadingStrategy=eager</arg>
</arguments>
<assign>
<var>${desired_capabilities}</var>
</assign>
<msg timestamp="20190523 12:39:10.391" level="INFO">${desired_capabilities} = {'pageLoadingStrategy': 'eager'}</msg>
<status status="PASS" starttime="20190523 12:39:10.390" endtime="20190523 12:39:10.391"></status>
</kw>
<kw name="Open Browser" library="Selenium2Library">
<doc>Opens a new browser instance to the given ``url``.</doc>
<arguments>
<arg>${url}</arg>
<arg>${browser}</arg>
<arg>desired_capabilities=${desired_capabilities}</arg>
</arguments>
<msg timestamp="20190523 12:39:10.392" level="INFO">Opening browser 'Chrome' to base url 'https://www.check24.de/'.</msg>
<status status="PASS" starttime="20190523 12:39:10.391" endtime="20190523 12:39:22.692"></status>
</kw>
<kw name="Maximize Browser Window" library="Selenium2Library">
<doc>Maximizes current browser window.</doc>
<status status="PASS" starttime="20190523 12:39:22.693" endtime="20190523 12:39:23.820"></status>
</kw>
<status status="PASS" starttime="20190523 12:39:10.390" endtime="20190523 12:39:23.820"></status>
</kw>
<kw name="Go To Login Page">
<kw name="Wait And Click Xpath Element">
<arguments>
<arg>${user_info_menu}</arg>
</arguments>
<kw name="Wait Until Element Is Visible" library="Selenium2Library">
<doc>Waits until element ``locator`` is visible.</doc>
<arguments>
<arg>xpath=${element}</arg>
</arguments>
<status status="PASS" starttime="20190523 12:39:23.822" endtime="20190523 12:39:24.481"></status>
</kw>
<kw name="Click Element" library="Selenium2Library">
<doc>Click element identified by ``locator``.</doc>
<arguments>
<arg>xpath=${element}</arg>
</arguments>
<msg timestamp="20190523 12:39:24.482" level="INFO">Clicking element 'xpath=//*[contains(text(), "Mein Konto")]'.</msg>
<status status="PASS" starttime="20190523 12:39:24.481" endtime="20190523 12:39:24.587"></status>
</kw>
<status status="PASS" starttime="20190523 12:39:23.822" endtime="20190523 12:39:24.587"></status>
</kw>
<kw name="Wait And Click Xpath Element">
<arguments>
<arg>${login_page_link}</arg>
</arguments>
<kw name="Wait Until Element Is Visible" library="Selenium2Library">
<doc>Waits until element ``locator`` is visible.</doc>
<arguments>
<arg>xpath=${element}</arg>
</arguments>
<status status="PASS" starttime="20190523 12:39:24.588" endtime="20190523 12:39:24.639"></status>
</kw>
<kw name="Click Element" library="Selenium2Library">
<doc>Click element identified by ``locator``.</doc>
<arguments>
<arg>xpath=${element}</arg>
</arguments>
<msg timestamp="20190523 12:39:24.640" level="INFO">Clicking element 'xpath=//*[contains(text(), "Anmelden")]'.</msg>
<status status="PASS" starttime="20190523 12:39:24.639" endtime="20190523 12:39:27.688"></status>
</kw>
<status status="PASS" starttime="20190523 12:39:24.587" endtime="20190523 12:39:27.689"></status>
</kw>
<kw name="Wait Until Element Is Visible" library="Selenium2Library">
<doc>Waits until element ``locator`` is visible.</doc>
<arguments>
<arg>${username_xpath}</arg>
</arguments>
<status status="PASS" starttime="20190523 12:39:27.689" endtime="20190523 12:39:27.733"></status>
</kw>
<status status="PASS" starttime="20190523 12:39:23.821" endtime="20190523 12:39:27.733"></status>
</kw>
<kw name="Login">
<arguments>
<arg>${test_email}</arg>
<arg>${test_password}</arg>
</arguments>
<kw name="Click Element" library="Selenium2Library">
<doc>Click element identified by ``locator``.</doc>
<arguments>
<arg>${username_xpath}</arg>
</arguments>
<msg timestamp="20190523 12:39:27.734" level="INFO">Clicking element '//*[@id="email"]'.</msg>
<status status="PASS" starttime="20190523 12:39:27.734" endtime="20190523 12:39:27.825"></status>
</kw>
<kw name="Input Text" library="Selenium2Library">
<doc>Types the given ``text`` into text field identified by ``locator``.</doc>
<arguments>
<arg>${username_xpath}</arg>
<arg>${USER_NAME}</arg>
</arguments>
<msg timestamp="20190523 12:39:27.826" level="INFO">Typing text 'arloqaregister+1558586323494@gmail.com' into text field '//*[@id="email"]'.</msg>
<status status="PASS" starttime="20190523 12:39:27.825" endtime="20190523 12:39:28.175"></status>
</kw>
<kw name="Click Element" library="Selenium2Library">
<doc>Click element identified by ``locator``.</doc>
<arguments>
<arg>${password_xpath}</arg>
</arguments>
<msg timestamp="20190523 12:39:28.176" level="INFO">Clicking element '//*[@id="password"]'.</msg>
<status status="PASS" starttime="20190523 12:39:28.175" endtime="20190523 12:39:28.264"></status>
</kw>
<kw name="Input Text" library="Selenium2Library">
<doc>Types the given ``text`` into text field identified by ``locator``.</doc>
<arguments>
<arg>${password_xpath}</arg>
<arg>${PASSWORD}</arg>
</arguments>
<msg timestamp="20190523 12:39:28.265" level="INFO">Typing text 'Test123' into text field '//*[@id="password"]'.</msg>
<status status="PASS" starttime="20190523 12:39:28.265" endtime="20190523 12:39:28.374"></status>
</kw>
<kw name="Click Element" library="Selenium2Library">
<doc>Click element identified by ``locator``.</doc>
<arguments>
<arg>${login_button}</arg>
</arguments>
<msg timestamp="20190523 12:39:28.375" level="INFO">Clicking element '//button[@name="login"]'.</msg>
<status status="PASS" starttime="20190523 12:39:28.375" endtime="20190523 12:39:28.452"></status>
</kw>
<kw name="Run Keyword And Ignore Error" library="BuiltIn">
<doc>Runs the given keyword with the given arguments and ignores possible error.</doc>
<arguments>
<arg>Wait And Click Xpath Element</arg>
<arg>${ads_pop_up_cancel_button}</arg>
</arguments>
<kw name="Wait And Click Xpath Element">
<arguments>
<arg>${ads_pop_up_cancel_button}</arg>
</arguments>
<kw name="Wait Until Element Is Visible" library="Selenium2Library">
<doc>Waits until element ``locator`` is visible.</doc>
<arguments>
<arg>xpath=${element}</arg>
</arguments>
<status status="PASS" starttime="20190523 12:39:28.453" endtime="20190523 12:39:32.837"></status>
</kw>
<kw name="Click Element" library="Selenium2Library">
<doc>Click element identified by ``locator``.</doc>
<arguments>
<arg>xpath=${element}</arg>
</arguments>
<msg timestamp="20190523 12:39:32.838" level="INFO">Clicking element 'xpath=//*[@id="c24-dialog-points-modal"]/div/header/button'.</msg>
<status status="PASS" starttime="20190523 12:39:32.837" endtime="20190523 12:39:32.925"></status>
</kw>
<status status="PASS" starttime="20190523 12:39:28.453" endtime="20190523 12:39:32.925"></status>
</kw>
<status status="PASS" starttime="20190523 12:39:28.452" endtime="20190523 12:39:32.925"></status>
</kw>
<kw name="Page Should Contain" library="Selenium2Library">
<doc>Verifies that current page contains ``text``.</doc>
<arguments>
<arg>${welcome_phrase}</arg>
</arguments>
<msg timestamp="20190523 12:39:32.955" level="INFO">Current page contains text 'Hallo'.</msg>
<status status="PASS" starttime="20190523 12:39:32.925" endtime="20190523 12:39:32.955"></status>
</kw>
<kw name="Page Should Contain" library="Selenium2Library">
<doc>Verifies that current page contains ``text``.</doc>
<arguments>
<arg>Sie sind angemeldet als</arg>
</arguments>
<msg timestamp="20190523 12:39:32.985" level="INFO">Current page contains text 'Sie sind angemeldet als'.</msg>
<status status="PASS" starttime="20190523 12:39:32.956" endtime="20190523 12:39:32.986"></status>
</kw>
<kw name="Page Should Contain" library="Selenium2Library">
<doc>Verifies that current page contains ``text``.</doc>
<arguments>
<arg>${test_email}</arg>
</arguments>
<msg timestamp="20190523 12:39:33.013" level="INFO">Current page contains text 'arloqaregister+1558586323494@gmail.com'.</msg>
<status status="PASS" starttime="20190523 12:39:32.986" endtime="20190523 12:39:33.014"></status>
</kw>
<status status="PASS" starttime="20190523 12:39:27.734" endtime="20190523 12:39:33.014"></status>
</kw>
<kw name="Close Browser" library="Selenium2Library" type="teardown">
<doc>Closes the current browser.</doc>
<status status="PASS" starttime="20190523 12:39:33.017" endtime="20190523 12:39:35.304"></status>
</kw>
<tags>
<tag>test</tag>
</tags>
<status status="PASS" starttime="20190523 12:39:10.389" endtime="20190523 12:39:35.305" critical="yes"></status>
</test>
<test id="s1-t3" name="Search">
<kw name="Initiate" type="setup">
<kw name="Create Dictionary" library="BuiltIn">
<doc>Creates and returns a dictionary based on the given ``items``.</doc>
<arguments>
<arg>pageLoadingStrategy=eager</arg>
</arguments>
<assign>
<var>${desired_capabilities}</var>
</assign>
<msg timestamp="20190523 12:39:35.308" level="INFO">${desired_capabilities} = {'pageLoadingStrategy': 'eager'}</msg>
<status status="PASS" starttime="20190523 12:39:35.307" endtime="20190523 12:39:35.308"></status>
</kw>
<kw name="Open Browser" library="Selenium2Library">
<doc>Opens a new browser instance to the given ``url``.</doc>
<arguments>
<arg>${url}</arg>
<arg>${browser}</arg>
<arg>desired_capabilities=${desired_capabilities}</arg>
</arguments>
<msg timestamp="20190523 12:39:35.308" level="INFO">Opening browser 'Chrome' to base url 'https://www.check24.de/'.</msg>
<status status="PASS" starttime="20190523 12:39:35.308" endtime="20190523 12:39:47.126"></status>
</kw>
<kw name="Maximize Browser Window" library="Selenium2Library">
<doc>Maximizes current browser window.</doc>
<status status="PASS" starttime="20190523 12:39:47.126" endtime="20190523 12:39:48.254"></status>
</kw>
<status status="PASS" starttime="20190523 12:39:35.307" endtime="20190523 12:39:48.254"></status>
</kw>
<kw name="Go To Login Page">
<kw name="Wait And Click Xpath Element">
<arguments>
<arg>${user_info_menu}</arg>
</arguments>
<kw name="Wait Until Element Is Visible" library="Selenium2Library">
<doc>Waits until element ``locator`` is visible.</doc>
<arguments>
<arg>xpath=${element}</arg>
</arguments>
<status status="PASS" starttime="20190523 12:39:48.271" endtime="20190523 12:39:48.946"></status>
</kw>
<kw name="Click Element" library="Selenium2Library">
<doc>Click element identified by ``locator``.</doc>
<arguments>
<arg>xpath=${element}</arg>
</arguments>
<msg timestamp="20190523 12:39:48.946" level="INFO">Clicking element 'xpath=//*[contains(text(), "Mein Konto")]'.</msg>
<status status="PASS" starttime="20190523 12:39:48.946" endtime="20190523 12:39:49.061"></status>
</kw>
<status status="PASS" starttime="20190523 12:39:48.270" endtime="20190523 12:39:49.061"></status>
</kw>
<kw name="Wait And Click Xpath Element">
<arguments>
<arg>${login_page_link}</arg>
</arguments>
<kw name="Wait Until Element Is Visible" library="Selenium2Library">
<doc>Waits until element ``locator`` is visible.</doc>
<arguments>
<arg>xpath=${element}</arg>
</arguments>
<status status="PASS" starttime="20190523 12:39:49.062" endtime="20190523 12:39:49.112"></status>
</kw>
<kw name="Click Element" library="Selenium2Library">
<doc>Click element identified by ``locator``.</doc>
<arguments>
<arg>xpath=${element}</arg>
</arguments>
<msg timestamp="20190523 12:39:49.113" level="INFO">Clicking element 'xpath=//*[contains(text(), "Anmelden")]'.</msg>
<status status="PASS" starttime="20190523 12:39:49.113" endtime="20190523 12:39:52.006"></status>
</kw>
<status status="PASS" starttime="20190523 12:39:49.062" endtime="20190523 12:39:52.006"></status>
</kw>
<kw name="Wait Until Element Is Visible" library="Selenium2Library">
<doc>Waits until element ``locator`` is visible.</doc>
<arguments>
<arg>${username_xpath}</arg>
</arguments>
<status status="PASS" starttime="20190523 12:39:52.006" endtime="20190523 12:39:52.048"></status>
</kw>
<status status="PASS" starttime="20190523 12:39:48.269" endtime="20190523 12:39:52.049"></status>
</kw>
<kw name="Login">
<arguments>
<arg>${test_email}</arg>
<arg>${test_password}</arg>
</arguments>
<kw name="Click Element" library="Selenium2Library">
<doc>Click element identified by ``locator``.</doc>
<arguments>
<arg>${username_xpath}</arg>
</arguments>
<msg timestamp="20190523 12:39:52.050" level="INFO">Clicking element '//*[@id="email"]'.</msg>
<status status="PASS" starttime="20190523 12:39:52.050" endtime="20190523 12:39:52.144"></status>
</kw>
<kw name="Input Text" library="Selenium2Library">
<doc>Types the given ``text`` into text field identified by ``locator``.</doc>
<arguments>
<arg>${username_xpath}</arg>
<arg>${USER_NAME}</arg>
</arguments>
<msg timestamp="20190523 12:39:52.145" level="INFO">Typing text 'arloqaregister+1558586323494@gmail.com' into text field '//*[@id="email"]'.</msg>
<status status="PASS" starttime="20190523 12:39:52.144" endtime="20190523 12:39:52.493"></status>
</kw>
<kw name="Click Element" library="Selenium2Library">
<doc>Click element identified by ``locator``.</doc>
<arguments>
<arg>${password_xpath}</arg>
</arguments>
<msg timestamp="20190523 12:39:52.493" level="INFO">Clicking element '//*[@id="password"]'.</msg>
<status status="PASS" starttime="20190523 12:39:52.493" endtime="20190523 12:39:52.593"></status>
</kw>
<kw name="Input Text" library="Selenium2Library">
<doc>Types the given ``text`` into text field identified by ``locator``.</doc>
<arguments>
<arg>${password_xpath}</arg>
<arg>${PASSWORD}</arg>
</arguments>
<msg timestamp="20190523 12:39:52.594" level="INFO">Typing text 'Test123' into text field '//*[@id="password"]'.</msg>
<status status="PASS" starttime="20190523 12:39:52.593" endtime="20190523 12:39:52.732"></status>
</kw>
<kw name="Click Element" library="Selenium2Library">
<doc>Click element identified by ``locator``.</doc>
<arguments>
<arg>${login_button}</arg>
</arguments>
<msg timestamp="20190523 12:39:52.732" level="INFO">Clicking element '//button[@name="login"]'.</msg>
<status status="PASS" starttime="20190523 12:39:52.732" endtime="20190523 12:39:52.809"></status>
</kw>
<kw name="Run Keyword And Ignore Error" library="BuiltIn">
<doc>Runs the given keyword with the given arguments and ignores possible error.</doc>
<arguments>
<arg>Wait And Click Xpath Element</arg>
<arg>${ads_pop_up_cancel_button}</arg>
</arguments>
<kw name="Wait And Click Xpath Element">
<arguments>
<arg>${ads_pop_up_cancel_button}</arg>
</arguments>
<kw name="Wait Until Element Is Visible" library="Selenium2Library">
<doc>Waits until element ``locator`` is visible.</doc>
<arguments>
<arg>xpath=${element}</arg>
</arguments>
<status status="PASS" starttime="20190523 12:39:52.810" endtime="20190523 12:39:57.199"></status>
</kw>
<kw name="Click Element" library="Selenium2Library">
<doc>Click element identified by ``locator``.</doc>
<arguments>
<arg>xpath=${element}</arg>
</arguments>
<msg timestamp="20190523 12:39:57.200" level="INFO">Clicking element 'xpath=//*[@id="c24-dialog-points-modal"]/div/header/button'.</msg>
<status status="PASS" starttime="20190523 12:39:57.200" endtime="20190523 12:39:57.317"></status>
</kw>
<status status="PASS" starttime="20190523 12:39:52.810" endtime="20190523 12:39:57.317"></status>
</kw>
<status status="PASS" starttime="20190523 12:39:52.809" endtime="20190523 12:39:57.318"></status>
</kw>
<kw name="Page Should Contain" library="Selenium2Library">
<doc>Verifies that current page contains ``text``.</doc>
<arguments>
<arg>${welcome_phrase}</arg>
</arguments>
<msg timestamp="20190523 12:39:57.350" level="INFO">Current page contains text 'Hallo'.</msg>
<status status="PASS" starttime="20190523 12:39:57.318" endtime="20190523 12:39:57.350"></status>
</kw>
<kw name="Page Should Contain" library="Selenium2Library">
<doc>Verifies that current page contains ``text``.</doc>
<arguments>
<arg>Sie sind angemeldet als</arg>
</arguments>
<msg timestamp="20190523 12:39:57.380" level="INFO">Current page contains text 'Sie sind angemeldet als'.</msg>
<status status="PASS" starttime="20190523 12:39:57.350" endtime="20190523 12:39:57.380"></status>
</kw>
<kw name="Page Should Contain" library="Selenium2Library">
<doc>Verifies that current page contains ``text``.</doc>
<arguments>
<arg>${test_email}</arg>
</arguments>
<msg timestamp="20190523 12:39:57.412" level="INFO">Current page contains text 'arloqaregister+1558586323494@gmail.com'.</msg>
<status status="PASS" starttime="20190523 12:39:57.380" endtime="20190523 12:39:57.413"></status>
</kw>
<status status="PASS" starttime="20190523 12:39:52.049" endtime="20190523 12:39:57.413"></status>
</kw>
<kw name="Go To" library="Selenium2Library">
<doc>Navigates the active browser instance to the provided ``url``.</doc>
<arguments>
<arg>${url}</arg>
</arguments>
<msg timestamp="20190523 12:39:57.414" level="INFO">Opening url 'https://www.check24.de/'</msg>
<status status="PASS" starttime="20190523 12:39:57.413" endtime="20190523 12:40:00.561"></status>
</kw>
<kw name="Search">
<arguments>
<arg>${search_target}</arg>
</arguments>
<kw name="Click Element" library="Selenium2Library">
<doc>Click element identified by ``locator``.</doc>
<arguments>
<arg>${search_textfield}</arg>
</arguments>
<msg timestamp="20190523 12:40:00.563" level="INFO">Clicking element '//*[@id="c24-search-header"]'.</msg>
<status status="PASS" starttime="20190523 12:40:00.563" endtime="20190523 12:40:00.741"></status>
</kw>
<kw name="Input Text" library="Selenium2Library">
<doc>Types the given ``text`` into text field identified by ``locator``.</doc>
<arguments>
<arg>${search_textfield}</arg>
<arg>${search_items}</arg>
</arguments>
<msg timestamp="20190523 12:40:00.741" level="INFO">Typing text 'iphone' into text field '//*[@id="c24-search-header"]'.</msg>
<status status="PASS" starttime="20190523 12:40:00.741" endtime="20190523 12:40:00.885"></status>
</kw>
<kw name="Press Key" library="Selenium2Library">
<doc>Deprecated use `Press Keys` instead.</doc>
<arguments>
<arg>${search_textfield}</arg>
<arg>${enter_ascii}</arg>
</arguments>
<status status="PASS" starttime="20190523 12:40:00.885" endtime="20190523 12:40:11.688"></status>
</kw>
<status status="PASS" starttime="20190523 12:40:00.562" endtime="20190523 12:40:11.688"></status>
</kw>
<kw name="Get Element Count" library="Selenium2Library">
<doc>Returns number of elements matching ``locator``.</doc>
<arguments>
<arg>${search_item_element}</arg>
</arguments>
<assign>
<var>${result_number}</var>
</assign>
<msg timestamp="20190523 12:40:11.730" level="INFO">${result_number} = 48</msg>
<status status="PASS" starttime="20190523 12:40:11.691" endtime="20190523 12:40:11.730"></status>
</kw>
<kw name="Run Keyword If" library="BuiltIn">
<doc>Runs the given keyword with the given arguments, if ``condition`` is true.</doc>
<arguments>
<arg>${result_number} &lt; ${1}</arg>
<arg>Fail</arg>
<arg>No result for searching ${search_target}</arg>
</arguments>
<status status="PASS" starttime="20190523 12:40:11.730" endtime="20190523 12:40:11.731"></status>
</kw>
<kw name="Close Browser" library="Selenium2Library" type="teardown">
<doc>Closes the current browser.</doc>
<status status="PASS" starttime="20190523 12:40:11.731" endtime="20190523 12:40:14.127"></status>
</kw>
<tags>
<tag>test</tag>
</tags>
<status status="PASS" starttime="20190523 12:39:35.306" endtime="20190523 12:40:14.127" critical="yes"></status>
</test>
<test id="s1-t4" name="Negative Search">
<kw name="Initiate" type="setup">
<kw name="Create Dictionary" library="BuiltIn">
<doc>Creates and returns a dictionary based on the given ``items``.</doc>
<arguments>
<arg>pageLoadingStrategy=eager</arg>
</arguments>
<assign>
<var>${desired_capabilities}</var>
</assign>
<msg timestamp="20190523 12:40:14.131" level="INFO">${desired_capabilities} = {'pageLoadingStrategy': 'eager'}</msg>
<status status="PASS" starttime="20190523 12:40:14.130" endtime="20190523 12:40:14.131"></status>
</kw>
<kw name="Open Browser" library="Selenium2Library">
<doc>Opens a new browser instance to the given ``url``.</doc>
<arguments>
<arg>${url}</arg>
<arg>${browser}</arg>
<arg>desired_capabilities=${desired_capabilities}</arg>
</arguments>
<msg timestamp="20190523 12:40:14.132" level="INFO">Opening browser 'Chrome' to base url 'https://www.check24.de/'.</msg>
<status status="PASS" starttime="20190523 12:40:14.131" endtime="20190523 12:40:26.831"></status>
</kw>
<kw name="Maximize Browser Window" library="Selenium2Library">
<doc>Maximizes current browser window.</doc>
<status status="PASS" starttime="20190523 12:40:26.831" endtime="20190523 12:40:27.958"></status>
</kw>
<status status="PASS" starttime="20190523 12:40:14.130" endtime="20190523 12:40:27.958"></status>
</kw>
<kw name="Go To Login Page">
<kw name="Wait And Click Xpath Element">
<arguments>
<arg>${user_info_menu}</arg>
</arguments>
<kw name="Wait Until Element Is Visible" library="Selenium2Library">
<doc>Waits until element ``locator`` is visible.</doc>
<arguments>
<arg>xpath=${element}</arg>
</arguments>
<status status="PASS" starttime="20190523 12:40:27.961" endtime="20190523 12:40:28.499"></status>
</kw>
<kw name="Click Element" library="Selenium2Library">
<doc>Click element identified by ``locator``.</doc>
<arguments>
<arg>xpath=${element}</arg>
</arguments>
<msg timestamp="20190523 12:40:28.499" level="INFO">Clicking element 'xpath=//*[contains(text(), "Mein Konto")]'.</msg>
<status status="PASS" starttime="20190523 12:40:28.499" endtime="20190523 12:40:28.595"></status>
</kw>
<status status="PASS" starttime="20190523 12:40:27.960" endtime="20190523 12:40:28.596"></status>
</kw>
<kw name="Wait And Click Xpath Element">
<arguments>
<arg>${login_page_link}</arg>
</arguments>
<kw name="Wait Until Element Is Visible" library="Selenium2Library">
<doc>Waits until element ``locator`` is visible.</doc>
<arguments>
<arg>xpath=${element}</arg>
</arguments>
<status status="PASS" starttime="20190523 12:40:28.596" endtime="20190523 12:40:28.639"></status>
</kw>
<kw name="Click Element" library="Selenium2Library">
<doc>Click element identified by ``locator``.</doc>
<arguments>
<arg>xpath=${element}</arg>
</arguments>
<msg timestamp="20190523 12:40:28.640" level="INFO">Clicking element 'xpath=//*[contains(text(), "Anmelden")]'.</msg>
<status status="PASS" starttime="20190523 12:40:28.639" endtime="20190523 12:40:31.460"></status>
</kw>
<status status="PASS" starttime="20190523 12:40:28.596" endtime="20190523 12:40:31.460"></status>
</kw>
<kw name="Wait Until Element Is Visible" library="Selenium2Library">
<doc>Waits until element ``locator`` is visible.</doc>
<arguments>
<arg>${username_xpath}</arg>
</arguments>
<status status="PASS" starttime="20190523 12:40:31.460" endtime="20190523 12:40:31.503"></status>
</kw>
<status status="PASS" starttime="20190523 12:40:27.960" endtime="20190523 12:40:31.503"></status>
</kw>
<kw name="Login">
<arguments>
<arg>${test_email}</arg>
<arg>${test_password}</arg>
</arguments>
<kw name="Click Element" library="Selenium2Library">
<doc>Click element identified by ``locator``.</doc>
<arguments>
<arg>${username_xpath}</arg>
</arguments>
<msg timestamp="20190523 12:40:31.504" level="INFO">Clicking element '//*[@id="email"]'.</msg>
<status status="PASS" starttime="20190523 12:40:31.504" endtime="20190523 12:40:31.573"></status>
</kw>
<kw name="Input Text" library="Selenium2Library">
<doc>Types the given ``text`` into text field identified by ``locator``.</doc>
<arguments>
<arg>${username_xpath}</arg>
<arg>${USER_NAME}</arg>
</arguments>
<msg timestamp="20190523 12:40:31.574" level="INFO">Typing text 'arloqaregister+1558586323494@gmail.com' into text field '//*[@id="email"]'.</msg>
<status status="PASS" starttime="20190523 12:40:31.574" endtime="20190523 12:40:31.893"></status>
</kw>
<kw name="Click Element" library="Selenium2Library">
<doc>Click element identified by ``locator``.</doc>
<arguments>
<arg>${password_xpath}</arg>
</arguments>
<msg timestamp="20190523 12:40:31.893" level="INFO">Clicking element '//*[@id="password"]'.</msg>
<status status="PASS" starttime="20190523 12:40:31.893" endtime="20190523 12:40:31.997"></status>
</kw>
<kw name="Input Text" library="Selenium2Library">
<doc>Types the given ``text`` into text field identified by ``locator``.</doc>
<arguments>
<arg>${password_xpath}</arg>
<arg>${PASSWORD}</arg>
</arguments>
<msg timestamp="20190523 12:40:31.998" level="INFO">Typing text 'Test123' into text field '//*[@id="password"]'.</msg>
<status status="PASS" starttime="20190523 12:40:31.998" endtime="20190523 12:40:32.096"></status>
</kw>
<kw name="Click Element" library="Selenium2Library">
<doc>Click element identified by ``locator``.</doc>
<arguments>
<arg>${login_button}</arg>
</arguments>
<msg timestamp="20190523 12:40:32.096" level="INFO">Clicking element '//button[@name="login"]'.</msg>
<status status="PASS" starttime="20190523 12:40:32.096" endtime="20190523 12:40:32.175"></status>
</kw>
<kw name="Run Keyword And Ignore Error" library="BuiltIn">
<doc>Runs the given keyword with the given arguments and ignores possible error.</doc>
<arguments>
<arg>Wait And Click Xpath Element</arg>
<arg>${ads_pop_up_cancel_button}</arg>
</arguments>
<kw name="Wait And Click Xpath Element">
<arguments>
<arg>${ads_pop_up_cancel_button}</arg>
</arguments>
<kw name="Wait Until Element Is Visible" library="Selenium2Library">
<doc>Waits until element ``locator`` is visible.</doc>
<arguments>
<arg>xpath=${element}</arg>
</arguments>
<status status="PASS" starttime="20190523 12:40:32.177" endtime="20190523 12:40:36.655"></status>
</kw>
<kw name="Click Element" library="Selenium2Library">
<doc>Click element identified by ``locator``.</doc>
<arguments>
<arg>xpath=${element}</arg>
</arguments>
<msg timestamp="20190523 12:40:36.655" level="INFO">Clicking element 'xpath=//*[@id="c24-dialog-points-modal"]/div/header/button'.</msg>
<status status="PASS" starttime="20190523 12:40:36.655" endtime="20190523 12:40:36.740"></status>
</kw>
<status status="PASS" starttime="20190523 12:40:32.176" endtime="20190523 12:40:36.740"></status>
</kw>
<status status="PASS" starttime="20190523 12:40:32.176" endtime="20190523 12:40:36.740"></status>
</kw>
<kw name="Page Should Contain" library="Selenium2Library">
<doc>Verifies that current page contains ``text``.</doc>
<arguments>
<arg>${welcome_phrase}</arg>
</arguments>
<msg timestamp="20190523 12:40:36.770" level="INFO">Current page contains text 'Hallo'.</msg>
<status status="PASS" starttime="20190523 12:40:36.741" endtime="20190523 12:40:36.771"></status>
</kw>
<kw name="Page Should Contain" library="Selenium2Library">
<doc>Verifies that current page contains ``text``.</doc>
<arguments>
<arg>Sie sind angemeldet als</arg>
</arguments>
<msg timestamp="20190523 12:40:36.808" level="INFO">Current page contains text 'Sie sind angemeldet als'.</msg>
<status status="PASS" starttime="20190523 12:40:36.771" endtime="20190523 12:40:36.808"></status>
</kw>
<kw name="Page Should Contain" library="Selenium2Library">
<doc>Verifies that current page contains ``text``.</doc>
<arguments>
<arg>${test_email}</arg>
</arguments>
<msg timestamp="20190523 12:40:36.850" level="INFO">Current page contains text 'arloqaregister+1558586323494@gmail.com'.</msg>
<status status="PASS" starttime="20190523 12:40:36.808" endtime="20190523 12:40:36.850"></status>
</kw>
<status status="PASS" starttime="20190523 12:40:31.504" endtime="20190523 12:40:36.850"></status>
</kw>
<kw name="Go To" library="Selenium2Library">
<doc>Navigates the active browser instance to the provided ``url``.</doc>
<arguments>
<arg>${url}</arg>
</arguments>
<msg timestamp="20190523 12:40:36.853" level="INFO">Opening url 'https://www.check24.de/'</msg>
<status status="PASS" starttime="20190523 12:40:36.852" endtime="20190523 12:40:40.450"></status>
</kw>
<kw name="Search">
<arguments>
<arg>${negative_search_target}</arg>
</arguments>
<kw name="Click Element" library="Selenium2Library">
<doc>Click element identified by ``locator``.</doc>
<arguments>
<arg>${search_textfield}</arg>
</arguments>
<msg timestamp="20190523 12:40:40.452" level="INFO">Clicking element '//*[@id="c24-search-header"]'.</msg>
<status status="PASS" starttime="20190523 12:40:40.451" endtime="20190523 12:40:40.619"></status>
</kw>
<kw name="Input Text" library="Selenium2Library">
<doc>Types the given ``text`` into text field identified by ``locator``.</doc>
<arguments>
<arg>${search_textfield}</arg>
<arg>${search_items}</arg>
</arguments>
<msg timestamp="20190523 12:40:40.620" level="INFO">Typing text 'wkqljdewiu' into text field '//*[@id="c24-search-header"]'.</msg>
<status status="PASS" starttime="20190523 12:40:40.619" endtime="20190523 12:40:40.750"></status>
</kw>
<kw name="Press Key" library="Selenium2Library">
<doc>Deprecated use `Press Keys` instead.</doc>
<arguments>
<arg>${search_textfield}</arg>
<arg>${enter_ascii}</arg>
</arguments>
<status status="PASS" starttime="20190523 12:40:40.750" endtime="20190523 12:40:46.837"></status>
</kw>
<status status="PASS" starttime="20190523 12:40:40.451" endtime="20190523 12:40:46.837"></status>
</kw>
<kw name="Get Element Count" library="Selenium2Library">
<doc>Returns number of elements matching ``locator``.</doc>
<arguments>
<arg>${search_item_element}</arg>
</arguments>
<assign>
<var>${result_number}</var>
</assign>
<msg timestamp="20190523 12:40:46.863" level="INFO">${result_number} = 0</msg>
<status status="PASS" starttime="20190523 12:40:46.838" endtime="20190523 12:40:46.863"></status>
</kw>
<kw name="Run Keyword If" library="BuiltIn">
<doc>Runs the given keyword with the given arguments, if ``condition`` is true.</doc>
<arguments>
<arg>${result_number} &lt; ${1}</arg>
<arg>Fail</arg>
<arg>No result for searching ${negative_search_target}</arg>
</arguments>
<kw name="Fail" library="BuiltIn">
<doc>Fails the test with the given message and optionally alters its tags.</doc>
<arguments>
<arg>No result for searching ${negative_search_target}</arg>
</arguments>
<msg timestamp="20190523 12:40:46.866" level="FAIL">No result for searching wkqljdewiu</msg>
<status status="FAIL" starttime="20190523 12:40:46.866" endtime="20190523 12:40:46.866"></status>
</kw>
<status status="FAIL" starttime="20190523 12:40:46.865" endtime="20190523 12:40:46.866"></status>
</kw>
<kw name="Close Browser" library="Selenium2Library" type="teardown">
<doc>Closes the current browser.</doc>
<status status="PASS" starttime="20190523 12:40:46.867" endtime="20190523 12:40:49.230"></status>
</kw>
<tags>
<tag>test</tag>
</tags>
<status status="FAIL" starttime="20190523 12:40:14.129" endtime="20190523 12:40:49.230" critical="yes">No result for searching wkqljdewiu</status>
</test>
<status status="FAIL" starttime="20190523 12:38:43.085" endtime="20190523 12:40:49.234"></status>
</suite>
<statistics>
<total>
<stat pass="3" fail="1">Critical Tests</stat>
<stat pass="3" fail="1">All Tests</stat>
</total>
<tag>
<stat pass="3" fail="1">test</stat>
</tag>
<suite>
<stat pass="3" fail="1" id="s1" name="Login">Login</stat>
</suite>
</statistics>
<errors>
</errors>
</robot>
